<?xml version="1.0" encoding="utf-8"?><testsuites name="pytest tests"><testsuite name="pytest" errors="0" failures="0" skipped="0" tests="15" time="0.896" timestamp="2026-02-08T13:30:29.285901+00:00" hostname="agent-env-12951907-5f40-4b9f-baa4-53b92e2d05e9"><testcase classname="backend.tests.test_multi_parcelle.TestHealthCheck" name="test_api_health" time="0.077" /><testcase classname="backend.tests.test_multi_parcelle.TestAdminAuth" name="test_admin_login_success" time="0.041" /><testcase classname="backend.tests.test_multi_parcelle.TestAdminAuth" name="test_admin_login_invalid" time="0.040" /><testcase classname="backend.tests.test_multi_parcelle.TestMultiParcelleAccessCode" name="test_get_owner_parcelles_multi" time="0.042" /><testcase classname="backend.tests.test_multi_parcelle.TestMultiParcelleAccessCode" name="test_get_owner_parcelles_invalid_code" time="0.038" /><testcase classname="backend.tests.test_multi_parcelle.TestMultiParcelleAccessCode" name="test_verify_profile_proprietaire" time="0.037" /><testcase classname="backend.tests.test_multi_parcelle.TestMultiParcelleAccessCode" name="test_verify_profile_different_parcelles" time="0.117" /><testcase classname="backend.tests.test_multi_parcelle.TestMultiParcelleAccessCode" name="test_verify_profile_unlinked_parcelle" time="0.040" /><testcase classname="backend.tests.test_multi_parcelle.TestMultiParcelleAccessCode" name="test_surveillance_access_proprietaire" time="0.039" /><testcase classname="backend.tests.test_multi_parcelle.TestMultiParcelleAccessCode" name="test_create_multi_parcelle_code" time="0.123" /><testcase classname="backend.tests.test_multi_parcelle.TestMultiParcelleAccessCode" name="test_list_access_codes" time="0.076" /><testcase classname="backend.tests.test_multi_parcelle.TestParcelleData" name="test_get_parcelles" time="0.038" /><testcase classname="backend.tests.test_multi_parcelle.TestParcelleData" name="test_get_parcelle_documents" time="0.037" /><testcase classname="backend.tests.test_multi_parcelle.TestProspectVsProprietaire" name="test_prospect_code_verification" time="0.036" /><testcase classname="backend.tests.test_multi_parcelle.TestProspectVsProprietaire" name="test_surveillance_denied_for_prospect" time="0.036" /></testsuite></testsuites>